<?xml version="1.0" encoding="UTF-8" standalone="no"?>
<!DOCTYPE log SYSTEM "logger.dtd">
<log>
<record>
  <date>2019-01-22T14:31:14</date>
  <millis>1548138674138</millis>
  <sequence>4</sequence>
  <logger>ESPlorer.ESPlorer</logger>
  <level>INFO</level>
  <class>ESPlorer.ESPlorer</class>
  <method>log</method>
  <thread>16</thread>
  <message>Load saved settings: Firmware:NodeMCU</message>
</record>
<record>
  <date>2019-01-22T14:31:14</date>
  <millis>1548138674151</millis>
  <sequence>5</sequence>
  <logger>ESPlorer.ESPlorer</logger>
  <level>INFO</level>
  <class>ESPlorer.ESPlorer</class>
  <method>log</method>
  <thread>16</thread>
  <message>Snippets: loading...</message>
</record>
<record>
  <date>2019-01-22T14:31:14</date>
  <millis>1548138674153</millis>
  <sequence>6</sequence>
  <logger>ESPlorer.ESPlorer</logger>
  <level>INFO</level>
  <class>ESPlorer.ESPlorer</class>
  <method>log</method>
  <thread>16</thread>
  <message>Snippets load: Success.</message>
</record>
<record>
  <date>2019-01-22T14:31:14</date>
  <millis>1548138674220</millis>
  <sequence>7</sequence>
  <logger>ESPlorer.ESPlorer</logger>
  <level>INFO</level>
  <class>ESPlorer.ESPlorer</class>
  <method>log</method>
  <thread>16</thread>
  <message>Set new color theme: Success.</message>
</record>
<record>
  <date>2019-01-22T14:31:14</date>
  <millis>1548138674224</millis>
  <sequence>8</sequence>
  <logger>ESPlorer.ESPlorer</logger>
  <level>INFO</level>
  <class>ESPlorer.ESPlorer</class>
  <method>log</method>
  <thread>16</thread>
  <message>Load saved settings: DONE.</message>
</record>
<record>
  <date>2019-01-22T14:31:14</date>
  <millis>1548138674229</millis>
  <sequence>9</sequence>
  <logger>ESPlorer.ESPlorer</logger>
  <level>INFO</level>
  <class>ESPlorer.ESPlorer</class>
  <method>log</method>
  <thread>16</thread>
  <message>Snippets: loading...</message>
</record>
<record>
  <date>2019-01-22T14:31:14</date>
  <millis>1548138674231</millis>
  <sequence>10</sequence>
  <logger>ESPlorer.ESPlorer</logger>
  <level>INFO</level>
  <class>ESPlorer.ESPlorer</class>
  <method>log</method>
  <thread>16</thread>
  <message>Snippets load: Success.</message>
</record>
<record>
  <date>2019-01-22T14:31:14</date>
  <millis>1548138674736</millis>
  <sequence>11</sequence>
  <logger>ESPlorer.ESPlorer</logger>
  <level>INFO</level>
  <class>ESPlorer.ESPlorer</class>
  <method>log</method>
  <thread>16</thread>
  <message>Scan system...</message>
</record>
<record>
  <date>2019-01-22T14:31:27</date>
  <millis>1548138687373</millis>
  <sequence>12</sequence>
  <logger>ESPlorer.ESPlorer</logger>
  <level>INFO</level>
  <class>ESPlorer.ESPlorer</class>
  <method>log</method>
  <thread>16</thread>
  <message>found /dev/cu.APTXOUND-SPPDev-4</message>
</record>
<record>
  <date>2019-01-22T14:31:27</date>
  <millis>1548138687374</millis>
  <sequence>13</sequence>
  <logger>ESPlorer.ESPlorer</logger>
  <level>INFO</level>
  <class>ESPlorer.ESPlorer</class>
  <method>log</method>
  <thread>16</thread>
  <message>found last saved serial port /dev/cu.APTXOUND-SPPDev-5</message>
</record>
<record>
  <date>2019-01-22T14:31:27</date>
  <millis>1548138687376</millis>
  <sequence>14</sequence>
  <logger>ESPlorer.ESPlorer</logger>
  <level>INFO</level>
  <class>ESPlorer.ESPlorer</class>
  <method>log</method>
  <thread>16</thread>
  <message>found /dev/cu.Bluetooth-Incoming-Port</message>
</record>
<record>
  <date>2019-01-22T14:31:27</date>
  <millis>1548138687379</millis>
  <sequence>15</sequence>
  <logger>ESPlorer.ESPlorer</logger>
  <level>INFO</level>
  <class>ESPlorer.ESPlorer</class>
  <method>log</method>
  <thread>16</thread>
  <message>Scan done.</message>
</record>
<record>
  <date>2019-01-22T14:31:27</date>
  <millis>1548138687485</millis>
  <sequence>16</sequence>
  <logger>ESPlorer.ESPlorer</logger>
  <level>INFO</level>
  <class>ESPlorer.ESPlorer</class>
  <method>log</method>
  <thread>16</thread>
  <message>Serial port /dev/cu.APTXOUND-SPPDev-5 save as default.</message>
</record>
<record>
  <date>2019-01-22T14:31:27</date>
  <millis>1548138687487</millis>
  <sequence>17</sequence>
  <logger>ESPlorer.ESPlorer</logger>
  <level>INFO</level>
  <class>ESPlorer.ESPlorer</class>
  <method>log</method>
  <thread>16</thread>
  <message>Baud rate 115200 save as default.</message>
</record>
<record>
  <date>2019-01-22T14:31:27</date>
  <millis>1548138687488</millis>
  <sequence>18</sequence>
  <logger>ESPlorer.ESPlorer</logger>
  <level>INFO</level>
  <class>ESPlorer.ESPlorer</class>
  <method>log</method>
  <thread>16</thread>
  <message>Try to open port /dev/cu.APTXOUND-SPPDev-5, baud 115200, 8N1</message>
</record>
<record>
  <date>2019-01-22T14:31:33</date>
  <millis>1548138693782</millis>
  <sequence>19</sequence>
  <logger>ESPlorer.ESPlorer</logger>
  <level>INFO</level>
  <class>ESPlorer.ESPlorer</class>
  <method>log</method>
  <thread>16</thread>
  <message>jssc.SerialPortException: Port name - /dev/cu.APTXOUND-SPPDev-5; Method name - openPort(); Exception type - Port busy.</message>
</record>
<record>
  <date>2019-01-22T14:31:33</date>
  <millis>1548138693785</millis>
  <sequence>20</sequence>
  <logger>ESPlorer.ESPlorer</logger>
  <level>INFO</level>
  <class>ESPlorer.ESPlorer</class>
  <method>log</method>
  <thread>16</thread>
  <message>Serial port /dev/cu.APTXOUND-SPPDev-5 save as default.</message>
</record>
<record>
  <date>2019-01-22T14:31:33</date>
  <millis>1548138693788</millis>
  <sequence>21</sequence>
  <logger>ESPlorer.ESPlorer</logger>
  <level>INFO</level>
  <class>ESPlorer.ESPlorer</class>
  <method>log</method>
  <thread>16</thread>
  <message>Baud rate 115200 save as default.</message>
</record>
<record>
  <date>2019-01-22T14:31:33</date>
  <millis>1548138693789</millis>
  <sequence>22</sequence>
  <logger>ESPlorer.ESPlorer</logger>
  <level>INFO</level>
  <class>ESPlorer.ESPlorer</class>
  <method>log</method>
  <thread>16</thread>
  <message>Try to open port /dev/cu.APTXOUND-SPPDev-5, baud 115200, 8N1</message>
</record>
<record>
  <date>2019-01-22T14:31:40</date>
  <millis>1548138700078</millis>
  <sequence>23</sequence>
  <logger>ESPlorer.ESPlorer</logger>
  <level>INFO</level>
  <class>ESPlorer.ESPlorer</class>
  <method>log</method>
  <thread>16</thread>
  <message>jssc.SerialPortException: Port name - /dev/cu.APTXOUND-SPPDev-5; Method name - openPort(); Exception type - Port busy.</message>
</record>
<record>
  <date>2019-01-22T14:31:42</date>
  <millis>1548138702277</millis>
  <sequence>24</sequence>
  <logger>ESPlorer.ESPlorer</logger>
  <level>INFO</level>
  <class>ESPlorer.ESPlorer</class>
  <method>log</method>
  <thread>16</thread>
  <message>Serial port /dev/cu.APTXOUND-SPPDev-5 save as default.</message>
</record>
<record>
  <date>2019-01-22T14:31:42</date>
  <millis>1548138702278</millis>
  <sequence>25</sequence>
  <logger>ESPlorer.ESPlorer</logger>
  <level>INFO</level>
  <class>ESPlorer.ESPlorer</class>
  <method>log</method>
  <thread>16</thread>
  <message>Baud rate 115200 save as default.</message>
</record>
<record>
  <date>2019-01-22T14:31:42</date>
  <millis>1548138702279</millis>
  <sequence>26</sequence>
  <logger>ESPlorer.ESPlorer</logger>
  <level>INFO</level>
  <class>ESPlorer.ESPlorer</class>
  <method>log</method>
  <thread>16</thread>
  <message>Try to open port /dev/cu.APTXOUND-SPPDev-5, baud 115200, 8N1</message>
</record>
<record>
  <date>2019-01-22T14:31:48</date>
  <millis>1548138708601</millis>
  <sequence>27</sequence>
  <logger>ESPlorer.ESPlorer</logger>
  <level>INFO</level>
  <class>ESPlorer.ESPlorer</class>
  <method>log</method>
  <thread>16</thread>
  <message>jssc.SerialPortException: Port name - /dev/cu.APTXOUND-SPPDev-5; Method name - openPort(); Exception type - Port busy.</message>
</record>
</log>
